<?xml version="1.0" encoding="UTF-8"?>
<!-- Generated by org.testng.reporters.JUnitReportReporter -->
<testsuite skipped="0" hostname="DESKTOP-MAJ1MAS" name="com.actitime.scripts.MutipleCustomersTest" tests="1" failures="0" timestamp="10 Jan 2019 08:21:10 GMT" time="39.771" errors="0">
  <testcase name="createMultipleCustomers" time="39.771" classname="com.actitime.scripts.MutipleCustomersTest"/>
</testsuite> <!-- com.actitime.scripts.MutipleCustomersTest -->
