<?xml version="1.0" encoding="UTF-8"?>
<!-- Generated by org.testng.reporters.JUnitReportReporter -->
<testsuite skipped="0" hostname="DESKTOP-MAJ1MAS" name="com.actitime.scripts.TaskTest" tests="6" failures="0" timestamp="09 Jan 2019 19:41:30 GMT" time="101.046" errors="0">
  <testcase name="createCustomer" time="17.475" classname="com.actitime.scripts.TaskTest"/>
  <testcase name="createProject" time="15.913" classname="com.actitime.scripts.TaskTest"/>
  <testcase name="createTasks" time="16.262" classname="com.actitime.scripts.TaskTest"/>
  <testcase name="deleteTask" time="14.808" classname="com.actitime.scripts.TaskTest"/>
  <testcase name="deleteProject" time="18.421" classname="com.actitime.scripts.TaskTest"/>
  <testcase name="deleteCustomer" time="18.167" classname="com.actitime.scripts.TaskTest"/>
</testsuite> <!-- com.actitime.scripts.TaskTest -->
