<?xml version="1.0" encoding="UTF-8"?>
<!-- Generated by org.testng.reporters.JUnitReportReporter -->
<testsuite skipped="0" hostname="DESKTOP-MAJ1MAS" name="com.actitime.scripts.LoginTest" tests="2" failures="0" timestamp="08 Jan 2019 20:41:27 GMT" time="20.556" errors="0">
  <testcase name="validLogin" time="11.573" classname="com.actitime.scripts.LoginTest"/>
  <testcase name="invalidLogin" time="8.983" classname="com.actitime.scripts.LoginTest"/>
</testsuite> <!-- com.actitime.scripts.LoginTest -->
