<?xml version="1.0" encoding="UTF-8"?>
<!-- Generated by org.testng.reporters.JUnitReportReporter -->
<testsuite skipped="0" hostname="DESKTOP-MAJ1MAS" name="com.actitime.scripts.MultipleTasksDelCustomerTest" tests="1" failures="0" timestamp="13 Jan 2019 16:59:13 GMT" time="37.219" errors="0">
  <testcase name="createCustCreateProjDelCust" time="37.219" classname="com.actitime.scripts.MultipleTasksDelCustomerTest"/>
</testsuite> <!-- com.actitime.scripts.MultipleTasksDelCustomerTest -->
