<?xml version="1.0" encoding="UTF-8"?>
<!-- Generated by org.testng.reporters.JUnitReportReporter -->
<testsuite skipped="1" hostname="DESKTOP-MAJ1MAS" name="com.actitime.scripts.UsersTest" tests="3" failures="0" timestamp="10 Jan 2019 07:00:06 GMT" time="35.130" errors="0">
  <testcase name="createNewUser" time="18.744" classname="com.actitime.scripts.UsersTest"/>
  <testcase name="deleteuser" time="16.386" classname="com.actitime.scripts.UsersTest"/>
  <testcase name="newUserLogin" classname="com.actitime.scripts.UsersTest">
    <skipped/>
  </testcase> <!-- newUserLogin -->
</testsuite> <!-- com.actitime.scripts.UsersTest -->
